app/build/outputs/logs/manifest-merger-release-report.txt
-- Merging decision tree log ---
manifest
ADDED from src/main/AndroidManifest.xml:2:1-30:12
	package
		ADDED from src/main/AndroidManifest.xml:3:7-39
		INJECTED from src/main/AndroidManifest.xml
		INJECTED from src/main/AndroidManifest.xml
	android:versionName
		ADDED from src/main/AndroidManifest.xml:5:7-32
	android:versionCode
		ADDED from src/main/AndroidManifest.xml:4:7-30
		INJECTED from src/main/AndroidManifest.xml
		INJECTED from src/main/AndroidManifest.xml
	xmlns:android
		ADDED from src/main/AndroidManifest.xml:2:11-69
application
ADDED from src/main/AndroidManifest.xml:6:5-20:19
	android:label
		ADDED from src/main/AndroidManifest.xml:6:48-80
	android:debuggable
		ADDED from src/main/AndroidManifest.xml:6:81-106
	android:icon
		ADDED from src/main/AndroidManifest.xml:6:18-47
activity#com.nuance.nmdp.sample.MainView
ADDED from src/main/AndroidManifest.xml:7:9-13:20
	android:label
		ADDED from src/main/AndroidManifest.xml:8:19-51
	android:name
		ADDED from src/main/AndroidManifest.xml:7:19-43
intent-filter#android.intent.action.MAIN+android.intent.category.LAUNCHER
ADDED from src/main/AndroidManifest.xml:9:13-12:29
action#android.intent.action.MAIN
ADDED from src/main/AndroidManifest.xml:10:17-69
	android:name
		ADDED from src/main/AndroidManifest.xml:10:25-66
category#android.intent.category.LAUNCHER
ADDED from src/main/AndroidManifest.xml:11:17-77
	android:name
		ADDED from src/main/AndroidManifest.xml:11:27-74
activity#com.nuance.nmdp.sample.DictationView
ADDED from src/main/AndroidManifest.xml:14:9-16:20
	android:label
		ADDED from src/main/AndroidManifest.xml:15:19-51
	android:name
		ADDED from src/main/AndroidManifest.xml:14:19-48
activity#com.nuance.nmdp.sample.TtsView
ADDED from src/main/AndroidManifest.xml:17:9-19:20
	android:label
		ADDED from src/main/AndroidManifest.xml:18:19-51
	android:name
		ADDED from src/main/AndroidManifest.xml:17:19-42
uses-permission#android.permission.ACCESS_NETWORK_STATE
ADDED from src/main/AndroidManifest.xml:22:1-91
	android:name
		ADDED from src/main/AndroidManifest.xml:22:18-72
uses-permission#android.permission.INTERNET
ADDED from src/main/AndroidManifest.xml:23:1-79
	android:name
		ADDED from src/main/AndroidManifest.xml:23:18-60
uses-permission#android.permission.RECORD_AUDIO
ADDED from src/main/AndroidManifest.xml:24:1-83
	android:name
		ADDED from src/main/AndroidManifest.xml:24:18-64
uses-permission#android.permission.VIBRATE
ADDED from src/main/AndroidManifest.xml:25:1-78
	android:name
		ADDED from src/main/AndroidManifest.xml:25:18-59
uses-permission#android.permission.READ_PHONE_STATE
ADDED from src/main/AndroidManifest.xml:26:1-87
	android:name
		ADDED from src/main/AndroidManifest.xml:26:18-68
uses-permission#android.permission.BLUETOOTH
ADDED from src/main/AndroidManifest.xml:27:1-80
	android:name
		ADDED from src/main/AndroidManifest.xml:27:18-61
uses-sdk
ADDED from src/main/AndroidManifest.xml:29:1-48
	android:targetSdkVersion
		INJECTED from src/main/AndroidManifest.xml
		INJECTED from src/main/AndroidManifest.xml
	android:minSdkVersion
		ADDED from src/main/AndroidManifest.xml:29:11-36
		INJECTED from src/main/AndroidManifest.xml
		INJECTED from src/main/AndroidManifest.xml